v8-version,6,8,275,32,-node.51,0
new,CodeRange,0xd62fe2c7000,134217728
new,MemoryChunk,0x653d8980000,524288
new,MemoryChunk,0x18cfcaa80000,524288
heap-capacity,1031168
heap-available,1526700544
new,MemoryChunk,0x35febea80000,524288
new,MemoryChunk,0x3668f3300000,524288
new,MemoryChunk,0xd62fe300000,524288
new,MemoryChunk,0x1f0c38e00000,524288
new,MemoryChunk,0x2c1883980000,524288
new,MemoryChunk,0x129e8bb00000,524288
new,MemoryChunk,0xd62fe380000,524288
new,MemoryChunk,0x94ca3b00000,524288
new,MemoryChunk,0x2a904db80000,524288
new,MemoryChunk,0x162e5ae00000,524288
scavenge,begin,0,25868,1556630141081
scavenge,end,0,26683,1556630141081
scavenge,begin,0,33836,1556630141089
new,MemoryChunk,0x32afd7e00000,524288
new,MemoryChunk,0x318b41b00000,524288
scavenge,end,0,34711,1556630141089
new,MemoryChunk,0x28f7d2680000,524288
new,MemoryChunk,0x1e9922980000,524288
new,MemoryChunk,0x254c69e00000,524288
new,MemoryChunk,0x16b9f5380000,524288
scavenge,begin,0,52246,1556630141107
new,MemoryChunk,0x344e01500000,524288
new,MemoryChunk,0x2de0c0980000,524288
scavenge,end,0,53146,1556630141107
new,MemoryChunk,0xd62fe400000,524288
new,MemoryChunk,0xd62fe480000,524288
new,MemoryChunk,0xd62fe500000,524288
scavenge,begin,0,79463,1556630141140
new,MemoryChunk,0x129f25980000,524288
scavenge,end,0,80392,1556630141141
scavenge,begin,0,96271,1556630141160
new,MemoryChunk,0x335755380000,524288
new,MemoryChunk,0xbe04c400000,524288
scavenge,end,0,97224,1556630141161
new,MemoryChunk,0x127f380000,524288
new,MemoryChunk,0x1f8d06b00000,524288
new,MemoryChunk,0x3b812ac80000,524288
new,MemoryChunk,0x921b1d80000,524288
new,MemoryChunk,0x362f26980000,524288
new,MemoryChunk,0x268fa5600000,524288
new,MemoryChunk,0x251bbbc80000,524288
new,MemoryChunk,0x322a5cb80000,524288
scavenge,begin,0,113236,1556630141184
new,MemoryChunk,0x51037600000,524288
new,MemoryChunk,0x2e58cc200000,524288
new,MemoryChunk,0x218b91500000,524288
scavenge,end,0,114329,1556630141184
new,MemoryChunk,0x1874ab880000,524288
scavenge,begin,0,171420,1556630141241
new,MemoryChunk,0x1d009ed80000,524288
new,MemoryChunk,0x151adf300000,524288
scavenge,end,0,171420,1556630141242
new,MemoryChunk,0xcd818280000,1089536
new,MemoryChunk,0xf9b0e280000,1089536
new,MemoryChunk,0xd62fe580000,524288
scavenge,begin,0,203872,1556630141274
new,MemoryChunk,0x14a203d80000,524288
new,MemoryChunk,0x2955f2700000,524288
new,MemoryChunk,0x136f36800000,524288
new,MemoryChunk,0x25aa75900000,524288
new,MemoryChunk,0x23dfc8300000,524288
scavenge,end,0,207492,1556630141276
new,MemoryChunk,0x41a54f80000,524288
new,MemoryChunk,0x2e18e7d80000,524288
new,MemoryChunk,0x286611b80000,524288
new,MemoryChunk,0x26bb1f600000,524288
new,MemoryChunk,0x28805b100000,524288
new,MemoryChunk,0x3f3918f00000,524288
new,MemoryChunk,0x16bf9ac80000,524288
new,MemoryChunk,0x35ff9d700000,524288
new,MemoryChunk,0xdd2f2280000,524288
new,MemoryChunk,0x17e4a5e00000,524288
new,MemoryChunk,0xbf2da280000,524288
new,MemoryChunk,0x346517980000,524288
new,MemoryChunk,0x2dfc6f380000,524288
new,MemoryChunk,0x29329c500000,524288
new,MemoryChunk,0x2b3ae7280000,524288
new,MemoryChunk,0x2507b7f80000,524288
scavenge,begin,0,240898,1556630141300
new,MemoryChunk,0x28d53b700000,524288
new,MemoryChunk,0x396da8980000,524288
new,MemoryChunk,0x219e9d080000,524288
new,MemoryChunk,0x3b3e6ab80000,524288
scavenge,end,0,240898,1556630141302
code-deopt,295229,1792,0xd62fe58b480,-1,2558,soft,<path.js:71:17>,Insufficient type feedback for generic named access
new,MemoryChunk,0x256767580000,577536
new,MemoryChunk,0x1fbe92900000,577536
new,MemoryChunk,0x3a218ef80000,524288
